01:34:11 rate 3438kbit
01:34:11.897819	.mpd file sent successfully
01:34:11.937979	seg [0,0] | thr: [193.6094Kb/s] | est BW: [4917.5575 Kb/s] | T seg: [0.0388 s] | T sec: [0.0388 s] | T frc seg: [0.0094 s] | T frc sec: [0.0482 s] [1, 0, 0]
01:34:11.969914	seg [0,1] | thr: [193.6094Kb/s] | est BW: [11813.384 Kb/s] | T seg: [0.0314 s] | T sec: [0.0702 s] | T frc seg: [0.0095 s] | T frc sec: [0.0797 s] [1, 1, 0]
01:34:12.173920	seg [0,2] | thr: [193.6094Kb/s] | est BW: [4416.1599 Kb/s] | T seg: [0.2035 s] | T sec: [0.2737 s] | T frc seg: [0.0 s] | T frc sec: [0.0 s]	   [1, 1, 1]
wait 1.72634387016
01:34:13 rate 1957kbit
01:34:13.967775	seg [1,0] | thr: [193.6094Kb/s] | est BW: [8955.6308 Kb/s] | T seg: [0.0651 s] | T sec: [0.0651 s] | T frc seg: [0.072 s] | T frc sec: [0.1371 s]  [2, 1, 1]
01:34:15 rate 1924kbit
01:34:15.732569	seg [1,1] | thr: [193.6094Kb/s] | est BW: [2923.5705 Kb/s] | T seg: [1.7639 s] | T sec: [1.829 s] | T frc seg: [0.2038 s] | T frc sec: [2.0328 s]  [2, 2, 1]
01:34:17 rate 234kbit
01:34:18.182863	seg [1,2] | thr: [193.6094Kb/s] | est BW: [1946.1416 Kb/s] | T seg: [2.4494 s] | T sec: [4.2785 s] | T frc seg: [0.0 s] | T frc sec: [0.0 s]       [2, 2, 2]
01:34:19 rate 1907 kbit
01:34:21 rate 3464 kbit
01:34:22.082392	seg [2,0] | thr: [193.6094Kb/s] | est BW: [53.3344 Kb/s] | T seg: [3.8988 s] | T sec: [3.8988 s] | T frc seg: [3.548 s] | T frc sec: [7.4468 s]    [3, 2, 2]
01:34:22.227386	seg [3,0] | thr: [193.6094Kb/s] | est BW: [4130.2407 Kb/s] | T seg: [0.1445 s] | T sec: [0.1445 s] | T frc seg: [0.0458 s] | T frc sec: [0.1903 s] [4, 2, 2]
01:34:22.443296	seg [3,1] | thr: [193.6094Kb/s] | est BW: [7026.2313 Kb/s] | T seg: [0.2155 s] | T sec: [0.3599 s] | T frc seg: [0.087 s] | T frc sec: [0.4469 s]  [4, 3, 2]
01:34:23 rate 1552 kbit
01:34:23.484342	seg [3,1] | thr: [193.6094Kb/s] | est BW: [4698.8506 Kb/s] | T seg: [1.0403 s] | T sec: [1.4003 s] | T frc seg: [0.0336 s] | T frc sec: [1.4339 s] [4, 4, 2]
01:34:24.219162	seg [3,2] | thr: [193.6094Kb/s] | est BW: [1720.8088 Kb/s] | T seg: [0.7342 s] | T sec: [2.1345 s] | T frc seg: [0.0 s] | T frc sec: [0.0 s]       [4, 4, 3]
01:34:24.805610	seg [4,0] | thr: [193.6094Kb/s] | est BW: [1227.7582 Kb/s] | T seg: [0.5859 s] | T sec: [0.5859 s] | T frc seg: [0.5722 s] | T frc sec: [1.1581 s] [5, 4, 3]
01:34:25 rate 238 kbit
01:34:27 rate 242 kbit
01:34:31 rate 234 kbit
01:34:32.337843	seg [4,1] | thr: [193.6094Kb/s] | est BW: [746.1796 Kb/s] | T seg: [7.5313 s] | T sec: [8.1173 s] | T frc seg: [0.9942 s] | T frc sec: [9.1115 s]  [5, 5, 3]
01:34:33 rate 1787 kbit
01:34:35 rate 3276 kbit
01:34:36.067768	seg [5,0] | thr: [193.6094Kb/s] | est BW: [49.7164 Kb/s] | T seg: [3.7294 s] | T sec: [3.7294 s] | T frc seg: [1.6762 s] | T frc sec: [5.4057 s]   [6, 5, 3]
01:34:36.128400	seg [6,0] | thr: [193.6094Kb/s] | est BW: [1589.1453 Kb/s] | T seg: [0.0601 s] | T sec: [0.0601 s] | T frc seg: [0.0524 s] | T frc sec: [0.1126 s] [7, 5, 3]
01:34:36.203857	seg [6,1] | thr: [193.6094Kb/s] | est BW: [8891.8657 Kb/s] | T seg: [0.075 s] | T sec: [0.1351 s] | T frc seg: [0.0039 s] | T frc sec: [0.139 s]   [7, 6, 3]
01:34:36.377566	seg [6,1] | thr: [193.6094Kb/s] | est BW: [1600.5502 Kb/s] | T seg: [0.1733 s] | T sec: [0.3084 s] | T frc seg: [0.4635 s] | T frc sec: [0.7719 s] [7, 7, 3]
wait 0.531058073044
01:34:37 rate 1554 kbit
01:34:37.539053	seg [6,2] | thr: [193.6094Kb/s] | est BW: [5113.794 Kb/s] | T seg: [1.1606 s] | T sec: [1.4689 s] | T frc seg: [0.0 s] | T frc sec: [0.0 s]		   [7, 7, 4]
01:34:38.102124	seg [7,0] | thr: [193.6094Kb/s] | est BW: [3562.3692 Kb/s] | T seg: [0.031 s] | T sec: [0.031 s] | T frc seg: [0.0134 s] | T frc sec: [0.0444 s]   [8, 7, 4]
01:34:38.180071	seg [7,1] | thr: [193.6094Kb/s] | est BW: [4932.323 Kb/s] | T seg: [0.0775 s] | T sec: [0.1085 s] | T frc seg: [0.1411 s] | T frc sec: [0.2496 s]  [8, 8, 4]
01:34:39 rate 1726 kbit
01:34:40.623115	seg [7,2] | thr: [193.6094Kb/s] | est BW: [2279.468 Kb/s] | T seg: [2.4422 s] | T sec: [2.5507 s] | T frc seg: [0.0 s] | T frc sec: [0.0 s]        [8, 8, 5]
01:34:41 rate 217 kbit
01:34:41.411041	seg [8,0] | thr: [193.6094Kb/s] | est BW: [791.0773 Kb/s] | T seg: [0.7874 s] | T sec: [0.7874 s] | T frc seg: [0.6827 s] | T frc sec: [1.4701 s]  [9, 8, 5]
01:34:43 rate 1612 kbit
01:34:45 rate 1741 kbit
01:34:46.428449	seg [8,1] | thr: [193.6094Kb/s] | est BW: [861.1957 Kb/s] | T seg: [5.0166 s] | T sec: [5.8041 s] | T frc seg: [0.3196 s] | T frc sec: [6.1237 s]  [9, 9, 5]
01:34:47 rate 3165 kbit
01:34:47.169541	seg [9,0] | thr: [193.6094Kb/s] | est BW: [756.2817 Kb/s] | T seg: [0.7406 s] | T sec: [0.7406 s] | T frc seg: [0.2733 s] | T frc sec: [1.0139 s]  [10, 9, 5]
01:34:47.614327	seg [9,1] | thr: [193.6094Kb/s] | est BW: [3722.2342 Kb/s] | T seg: [0.4442 s] | T sec: [1.1848 s] | T frc seg: [0.0739 s] | T frc sec: [1.2587 s] [10, 10, 5]
01:34:48.005957	seg [9,2] | thr: [193.6094Kb/s] | est BW: [5631.7527 Kb/s] | T seg: [0.391 s] | T sec: [1.5758 s] | T frc seg: [0.0 s] | T frc sec: [0.0 s]		   [10, 10, 6]
wait 0.424242019653
01:34:48.544970	seg [6,2] | thr: [3028.9258Kb/s] | est BW: [9225.0358 Kb/s] | T seg: [0.1137 s] | T sec: [0.1137 s] | T frc seg: [0.0 s] | T frc sec: [0.0 s]	   [10, 10, 7]
01:34:48.800286	seg [7,2] | thr: [3028.9258Kb/s] | est BW: [5257.3543 Kb/s] | T seg: [0.2548 s] | T sec: [0.2548 s] | T frc seg: [0.0 s] | T frc sec: [0.0 s]      [10, 10, 8]
01:34:49 rate 1657kbit
01:34:49.749219	seg [8,2] | thr: [3028.9258Kb/s] | est BW: [4475.077 Kb/s] | T seg: [0.9481 s] | T sec: [0.9481 s] | T frc seg: [0.0 s] | T frc sec: [0.0 s]       [10, 10, 9]
01:34:51 rate 3499kbit
01:34:51.849429	seg [9,2] | thr: [3028.9258Kb/s] | est BW: [2187.364 Kb/s] | T seg: [2.0994 s] | T sec: [2.0994 s] | T frc seg: [0.0 s] | T frc sec: [0.0 s]       [10, 10, 10]

layer 1: 36.5319290161 s
layer 2: 36.5319290161 s
layer 3: 39.9507308006 s

total time: 39.9507308006 s