02:57:11 rate 3451 kbit
02:57:11.420186	.mpd file sent successfully
02:57:11.461793	seg [0,0] | thr: [193.6094Kb/s] | est BW: [4726.4332 Kb/s] | T seg: [0.0403 s] | T sec: [0.0403 s] | T frc seg: [0.0098 s] | T frc sec: [0.0502 s] [1, 0, 0]
02:57:11.493874	seg [0,1] | thr: [193.6094Kb/s] | est BW: [11734.1994 Kb/s] | T seg: [0.0316 s] | T sec: [0.072 s] | T frc seg: [0.0096 s] | T frc sec: [0.0815 s] [1, 1, 0]
02:57:11.697000	seg [0,2] | thr: [193.6094Kb/s] | est BW: [4433.636 Kb/s] | T seg: [0.2027 s] | T sec: [0.2746 s] | T frc seg: [0.0 s] | T frc sec: [0.0 s]		   [1, 1, 1]
wait 1.72536611557
02:57:13 rate 203 kbit
02:57:14.018449	seg [1,0] | thr: [193.6094Kb/s] | est BW: [981.98 Kb/s] | T seg: [0.5938 s] | T sec: [0.5938 s] | T frc seg: [0.6564 s] | T frc sec: [1.2503 s]	   [2, 1, 1]
02:57:15 rate 1817 kbit
02:57:17 rate 210 kbit
02:57:17.161230	seg [1,1] | thr: [193.6094Kb/s] | est BW: [1641.3345 Kb/s] | T seg: [3.1419 s] | T sec: [3.7357 s] | T frc seg: [0.363 s] | T frc sec: [4.0988 s]  [2, 2, 1]
02:57:19 rate 3363 kbit
02:57:20.616355	seg [2,0] | thr: [193.6094Kb/s] | est BW: [60.1908 Kb/s] | T seg: [3.4546 s] | T sec: [3.4546 s] | T frc seg: [3.1438 s] | T frc sec: [6.5985 s]   [3, 2, 1]
02:57:21 rate 219 kbit
02:57:21.883399	seg [3,0] | thr: [193.6094Kb/s] | est BW: [471.1508 Kb/s] | T seg: [1.2666 s] | T sec: [1.2666 s] | T frc seg: [0.4016 s] | T frc sec: [1.6682 s]  [4, 2, 1]
02:57:23 rate 3485 kbit
02:57:23.967628	seg [3,1] | thr: [193.6094Kb/s] | est BW: [726.5416 Kb/s] | T seg: [2.0836 s] | T sec: [3.3502 s] | T frc seg: [0.841 s] | T frc sec: [4.1913 s]   [4, 3, 1]
02:57:24.228699	seg [4,0] | thr: [193.6094Kb/s] | est BW: [2761.3244 Kb/s] | T seg: [0.2605 s] | T sec: [0.2605 s] | T frc seg: [0.2213 s] | T frc sec: [0.4818 s] [5, 3, 1]
02:57:25 rate 240 kbit
02:57:25.220514	seg [4,1] | thr: [193.6094Kb/s] | est BW: [4932.6015 Kb/s] | T seg: [0.991 s] | T sec: [1.2515 s] | T frc seg: [0.1424 s] | T frc sec: [1.394 s]   [5, 4, 1]
02:57:25 rate 240 kbit
02:57:27 rate 216 kbit
02:57:29 rate 3394 kbit
02:57:31 rate 226 kbit
02:57:33 rate 1717 kbit
02:57:35 rate 222 kbit
02:57:35.217678	seg [4,1] | thr: [193.6094Kb/s] | est BW: [562.1802 Kb/s] | T seg: [9.9963 s] | T sec: [11.2478 s] | T frc seg: [1.0599 s] | T frc sec: [12.3078 s][5, 5, 1]
02:57:36.672764	seg [5,0] | thr: [193.6094Kb/s] | est BW: [127.4678 Kb/s] | T seg: [1.4546 s] | T sec: [1.4546 s] | T frc seg: [0.6538 s] | T frc sec: [2.1084 s]  [6, 5, 1]
02:57:37 rate 3161 kbit
02:57:37.510319	seg [5,1] | thr: [193.6094Kb/s] | est BW: [796.4165 Kb/s] | T seg: [0.8371 s] | T sec: [2.2917 s] | T frc seg: [0.7482 s] | T frc sec: [3.0399 s]  [6, 6, 1]
02:57:37.688900	seg [6,0] | thr: [193.6094Kb/s] | est BW: [536.1898 Kb/s] | T seg: [0.1782 s] | T sec: [0.1782 s] | T frc seg: [0.0647 s] | T frc sec: [0.2428 s]  [7, 6, 1]
02:57:37.724232	seg [6,1] | thr: [193.6094Kb/s] | est BW: [7957.1104 Kb/s] | T seg: [0.0349 s] | T sec: [0.213 s] | T frc seg: [0.0749 s] | T frc sec: [0.2879 s]  [7, 7, 1]
02:57:38.747858	seg [6,2] | thr: [193.6094Kb/s] | est BW: [4660.6927 Kb/s] | T seg: [1.0228 s] | T sec: [1.2358 s] | T frc seg: [0.0 s] | T frc sec: [0.0 s]	   [7, 7, 2]
wait 0.764180421829
02:57:39 rate 219 kbit
02:57:40.013321	seg [7,0] | thr: [193.6094Kb/s] | est BW: [220.8731 Kb/s] | T seg: [0.5 s] | T sec: [0.5 s] | T frc seg: [0.2164 s] | T frc sec: [0.7164 s]        [8, 7, 2]
02:57:40.296475	seg [7,1] | thr: [193.6094Kb/s] | est BW: [1352.6528 Kb/s] | T seg: [0.2827 s] | T sec: [0.7826 s] | T frc seg: [0.1168 s] | T frc sec: [0.8994 s] [8, 8, 2]
02:57:41 rate 1712 kbit
02:57:41.848847	seg [7,2] | thr: [193.6094Kb/s] | est BW: [814.1669 Kb/s] | T seg: [1.5518 s] | T sec: [2.3345 s] | T frc seg: [0.0 s] | T frc sec: [0.0 s]        [8, 8, 3]
02:57:42.354595	seg [8,0] | thr: [193.6094Kb/s] | est BW: [1232.834 Kb/s] | T seg: [0.5053 s] | T sec: [0.5053 s] | T frc seg: [0.438 s] | T frc sec: [0.9433 s]   [9, 8, 3]
02:57:43 rate 237 kbit
02:57:45 rate 1675 kbit
02:57:46.582893	seg [8,1] | thr: [193.6094Kb/s] | est BW: [1021.9357 Kb/s] | T seg: [4.2276 s] | T sec: [4.7328 s] | T frc seg: [0.7259 s] | T frc sec: [5.4588 s] [9, 9, 3]
02:57:47 rate 235 kbit
02:57:49 rate 1965 kbit
02:57:50.347250	seg [9,0] | thr: [193.6094Kb/s] | est BW: [148.8056 Kb/s] | T seg: [3.7638 s] | T sec: [3.7638 s] | T frc seg: [1.3889 s] | T frc sec: [5.1528 s]  [10, 9, 3]
02:57:50.734847	seg [9,1] | thr: [1436.1094Kb/s] | est BW: [4272.995 Kb/s] | T seg: [0.387 s] | T sec: [0.387 s] | T frc seg: [0.1736 s] | T frc sec: [0.5606 s]   [10, 10, 3]
02:57:51 rate 207 kbit
02:57:53 rate 1983 kbit
02:57:55 rate 219 kbit
02:57:57 rate 1871 kbit
02:57:57.963611	seg [3,2] | thr: [3028.9258Kb/s] | est BW: [821.1142 Kb/s] | T seg: [7.2278 s] | T sec: [7.2278 s] | T frc seg: [0.0 s] | T frc sec: [0.0 s]	   [10, 10, 4]
02:57:59 rate 226 kbit
02:58:01 rate 3480 kbit
02:58:02.568688	seg [4,2] | thr: [3028.9258Kb/s] | est BW: [1209.1119 Kb/s] | T seg: [4.6042 s] | T sec: [4.6042 s] | T frc seg: [0.0 s] | T frc sec: [0.0 s]      [10, 10, 5]
02:58:03 rate 247 kbit
02:58:03.008185	seg [5,2] | thr: [3028.9258Kb/s] | est BW: [5016.4494 Kb/s] | T seg: [0.4389 s] | T sec: [0.4389 s] | T frc seg: [0.0 s] | T frc sec: [0.0 s]      [10, 10, 6]
02:58:03.272327	seg [6,2] | thr: [3028.9258Kb/s] | est BW: [3978.4071 Kb/s] | T seg: [0.2636 s] | T sec: [0.2636 s] | T frc seg: [0.0 s] | T frc sec: [0.0 s]      [10, 10, 7]
02:58:05 rate 1702 kbit
02:58:05.971341	seg [7,2] | thr: [3028.9258Kb/s] | est BW: [496.4651 Kb/s] | T seg: [2.6985 s] | T sec: [2.6985 s] | T frc seg: [0.0 s] | T frc sec: [0.0 s]       [10, 10, 8]
02:58:07 rate 207 kbit
02:58:07.884448	seg [8,2] | thr: [3028.9258Kb/s] | est BW: [2218.7522 Kb/s] | T seg: [1.9123 s] | T sec: [1.9123 s] | T frc seg: [0.0 s] | T frc sec: [0.0 s]      [10, 10, 9]
02:58:09 rate 3356 kbit
02:58:11 rate 231 kbit
02:58:13 rate 3277 kbit
02:58:14.306722	seg [9,2] | thr: [3028.9258Kb/s] | est BW: [715.1269 Kb/s] | T seg: [6.4215 s] | T sec: [6.4215 s] | T frc seg: [0.0 s] | T frc sec: [0.0 s]       [10, 10,10]
02:58:15 rate 248kbit

layer 1: 38.9263088703 s
layer 2: 39.3139147758 s
layer 3: 62.8857488632 s
total time: 62.8857758045 s